[ 2023-05-24 13:55:43,203 ] 17 root - INFO - >>>>>>>>>>>>>>>>>>>>>>>>>>>>>>>>>>>>>>>> Data Ingestion <<<<<<<<<<<<<<<<<<<<<<<<<<<<<<<<<<<<<<<<
[ 2023-05-24 13:55:43,203 ] 24 root - INFO - Exporting collection data as pandas dataframe
[ 2023-05-24 13:55:43,203 ] 17 root - INFO - >>>>>>>>>>>>>>>>>>>>>>>>>>>>>>>>>>>>>>>> Data Ingestion <<<<<<<<<<<<<<<<<<<<<<<<<<<<<<<<<<<<<<<<
[ 2023-05-24 13:55:43,203 ] 20 root - INFO - Reading data 
[ 2023-05-24 13:55:43,203 ] 24 root - INFO - Exporting collection data as pandas dataframe
[ 2023-05-24 13:55:43,203 ] 20 root - INFO - Reading data 
[ 2023-05-24 13:55:43,235 ] 22 root - INFO - Found columns: Index(['Loan_ID', 'Gender', 'Married', 'Dependents', 'Education',
       'Self_Employed', 'ApplicantIncome', 'CoapplicantIncome', 'LoanAmount',
       'Loan_Amount_Term', 'Credit_History', 'Property_Area', 'Loan_Status'],
      dtype='object')
[ 2023-05-24 13:55:43,235 ] 22 root - INFO - Found columns: Index(['Loan_ID', 'Gender', 'Married', 'Dependents', 'Education',
       'Self_Employed', 'ApplicantIncome', 'CoapplicantIncome', 'LoanAmount',
       'Loan_Amount_Term', 'Credit_History', 'Property_Area', 'Loan_Status'],
      dtype='object')
[ 2023-05-24 13:55:43,250 ] 26 root - INFO - Row and columns in df: (614, 13)
[ 2023-05-24 13:55:43,250 ] 26 root - INFO - Row and columns in df: (614, 13)
[ 2023-05-24 13:55:43,250 ] 28 root - INFO - Save data in feature store
[ 2023-05-24 13:55:43,250 ] 28 root - INFO - Save data in feature store
[ 2023-05-24 13:55:43,282 ] 40 root - INFO - Create feature store folder if not available
[ 2023-05-24 13:55:43,282 ] 40 root - INFO - Create feature store folder if not available
[ 2023-05-24 13:55:43,297 ] 44 root - INFO - Save df to feature store folder
[ 2023-05-24 13:55:43,297 ] 44 root - INFO - Save df to feature store folder
[ 2023-05-24 13:55:43,329 ] 48 root - INFO - split dataset into train and test set
[ 2023-05-24 13:55:43,329 ] 52 root - INFO - create dataset directory folder if not available
[ 2023-05-24 13:55:43,329 ] 48 root - INFO - split dataset into train and test set
[ 2023-05-24 13:55:43,345 ] 52 root - INFO - create dataset directory folder if not available
[ 2023-05-24 13:55:43,345 ] 57 root - INFO - Save df to feature store folder
[ 2023-05-24 13:55:43,345 ] 57 root - INFO - Save df to feature store folder
[ 2023-05-24 13:55:43,376 ] 69 root - INFO - Data ingestion artifact: DataIngestionArtifact(feature_store_file_path='C:\\Users\\MGC\\PycharmProjects\\loanprediction\\artifact\\05242023__135543\\data_ingestion\\feature_store\\LoanApprovalPrediction.csv', train_file_path='C:\\Users\\MGC\\PycharmProjects\\loanprediction\\artifact\\05242023__135543\\data_ingestion\\dataset\\train.csv', test_file_path='C:\\Users\\MGC\\PycharmProjects\\loanprediction\\artifact\\05242023__135543\\data_ingestion\\dataset\\test.csv')
[ 2023-05-24 13:55:43,376 ] 25 root - INFO - >>>>>>>>>>>>>>>>>>>>>>>>>>>>>>>>>>>>>>>> Data Transformation <<<<<<<<<<<<<<<<<<<<<<<<<<<<<<<<<<<<<<<<
[ 2023-05-24 13:55:43,376 ] 69 root - INFO - Data ingestion artifact: DataIngestionArtifact(feature_store_file_path='C:\\Users\\MGC\\PycharmProjects\\loanprediction\\artifact\\05242023__135543\\data_ingestion\\feature_store\\LoanApprovalPrediction.csv', train_file_path='C:\\Users\\MGC\\PycharmProjects\\loanprediction\\artifact\\05242023__135543\\data_ingestion\\dataset\\train.csv', test_file_path='C:\\Users\\MGC\\PycharmProjects\\loanprediction\\artifact\\05242023__135543\\data_ingestion\\dataset\\test.csv')
[ 2023-05-24 13:55:43,376 ] 25 root - INFO - >>>>>>>>>>>>>>>>>>>>>>>>>>>>>>>>>>>>>>>> Data Transformation <<<<<<<<<<<<<<<<<<<<<<<<<<<<<<<<<<<<<<<<
[ 2023-05-24 13:55:43,487 ] 76 root - INFO - Before resampling in training set Input: (491, 12) Target:(491,)
[ 2023-05-24 13:55:43,487 ] 76 root - INFO - Before resampling in training set Input: (491, 12) Target:(491,)
[ 2023-05-24 13:55:43,550 ] 78 root - INFO - After resampling in training set Input: (656, 12) Target:(656,)
[ 2023-05-24 13:55:43,550 ] 80 root - INFO - Before resampling in testing set Input: (123, 12) Target:(123,)
[ 2023-05-24 13:55:43,566 ] 78 root - INFO - After resampling in training set Input: (656, 12) Target:(656,)
[ 2023-05-24 13:55:43,566 ] 80 root - INFO - Before resampling in testing set Input: (123, 12) Target:(123,)
[ 2023-05-24 13:55:43,597 ] 82 root - INFO - After resampling in testing set Input: (154, 12) Target:(154,)
[ 2023-05-24 13:55:43,597 ] 82 root - INFO - After resampling in testing set Input: (154, 12) Target:(154,)
[ 2023-05-24 13:55:43,605 ] 54 root - INFO - Entered the save_object method of utils
[ 2023-05-24 13:55:43,613 ] 54 root - INFO - Entered the save_object method of utils
[ 2023-05-24 13:55:43,620 ] 58 root - INFO - Exited the save_object method of utils
[ 2023-05-24 13:55:43,620 ] 54 root - INFO - Entered the save_object method of utils
[ 2023-05-24 13:55:43,620 ] 58 root - INFO - Exited the save_object method of utils
[ 2023-05-24 13:55:43,620 ] 54 root - INFO - Entered the save_object method of utils
[ 2023-05-24 13:55:43,629 ] 58 root - INFO - Exited the save_object method of utils
[ 2023-05-24 13:55:43,629 ] 58 root - INFO - Exited the save_object method of utils
[ 2023-05-24 13:55:43,629 ] 113 root - INFO - Data transformation object DataTransformationArtifact(transform_object_path='C:\\Users\\MGC\\PycharmProjects\\loanprediction\\artifact\\05242023__135543\\data_transformation\\transformer\\transformer.pkl', transformed_train_path='C:\\Users\\MGC\\PycharmProjects\\loanprediction\\artifact\\05242023__135543\\data_transformation\\transformed\\train.npz', transformed_test_path='C:\\Users\\MGC\\PycharmProjects\\loanprediction\\artifact\\05242023__135543\\data_transformation\\transformed\\test.npz', target_encoder_path='C:\\Users\\MGC\\PycharmProjects\\loanprediction\\artifact\\05242023__135543\\data_transformation\\target_encoder\\target_encoder.pkl')
[ 2023-05-24 13:55:43,629 ] 113 root - INFO - Data transformation object DataTransformationArtifact(transform_object_path='C:\\Users\\MGC\\PycharmProjects\\loanprediction\\artifact\\05242023__135543\\data_transformation\\transformer\\transformer.pkl', transformed_train_path='C:\\Users\\MGC\\PycharmProjects\\loanprediction\\artifact\\05242023__135543\\data_transformation\\transformed\\train.npz', transformed_test_path='C:\\Users\\MGC\\PycharmProjects\\loanprediction\\artifact\\05242023__135543\\data_transformation\\transformed\\test.npz', target_encoder_path='C:\\Users\\MGC\\PycharmProjects\\loanprediction\\artifact\\05242023__135543\\data_transformation\\target_encoder\\target_encoder.pkl')
[ 2023-05-24 13:55:43,629 ] 18 root - INFO - >>>>>>>>>>>>>>>>>>>>>>>>>>>>>>>>>>>>>>>> Model Trainer <<<<<<<<<<<<<<<<<<<<<<<<<<<<<<<<<<<<<<<<
[ 2023-05-24 13:55:43,629 ] 18 root - INFO - >>>>>>>>>>>>>>>>>>>>>>>>>>>>>>>>>>>>>>>> Model Trainer <<<<<<<<<<<<<<<<<<<<<<<<<<<<<<<<<<<<<<<<
[ 2023-05-24 13:55:43,629 ] 35 root - INFO - Loading train and test array.
[ 2023-05-24 13:55:43,629 ] 35 root - INFO - Loading train and test array.
[ 2023-05-24 13:55:43,647 ] 39 root - INFO - Splitting input and target feature from both train and test arr.
[ 2023-05-24 13:55:43,647 ] 39 root - INFO - Splitting input and target feature from both train and test arr.
[ 2023-05-24 13:55:43,647 ] 43 root - INFO - Train the model
[ 2023-05-24 13:55:43,647 ] 43 root - INFO - Train the model
[ 2023-05-24 13:55:43,802 ] 46 root - INFO - Calculating f1 train score
[ 2023-05-24 13:55:43,818 ] 50 root - INFO - Calculating f1 test score
[ 2023-05-24 13:55:43,818 ] 46 root - INFO - Calculating f1 train score
[ 2023-05-24 13:55:43,852 ] 50 root - INFO - Calculating f1 test score
[ 2023-05-24 13:55:43,881 ] 57 root - INFO - train score:0.7372764786795047 and tests score 0.7457627118644068
[ 2023-05-24 13:55:43,881 ] 59 root - INFO - Checking if our model is underfitting or not
[ 2023-05-24 13:55:43,897 ] 64 root - INFO - Checking if our model is overfiiting or not
[ 2023-05-24 13:55:43,897 ] 72 root - INFO - Saving mode object
[ 2023-05-24 13:55:43,897 ] 54 root - INFO - Entered the save_object method of utils
[ 2023-05-24 13:55:43,904 ] 58 root - INFO - Exited the save_object method of utils
[ 2023-05-24 13:55:43,904 ] 76 root - INFO - Prepare the artifact
[ 2023-05-24 13:55:43,904 ] 80 root - INFO - Model trainer artifact: ModelTrainerArtifact(model_path='C:\\Users\\MGC\\PycharmProjects\\loanprediction\\artifact\\05242023__135543\\model_trainer\\model\\model.pkl', f1_train_score=0.7372764786795047, f1_test_score=0.7457627118644068)
[ 2023-05-24 13:55:43,904 ] 20 root - INFO - >>>>>>>>>>>>>>>>>>>>>>>>>>>>>>>>>>>>>>>>  Model Evaluation <<<<<<<<<<<<<<<<<<<<<<<<<<<<<<<<<<<<<<<<
[ 2023-05-24 13:55:43,904 ] 36 root - INFO - if saved model folder has model the we will compare which model is best trained or the model from saved model folder
[ 2023-05-24 13:55:43,904 ] 47 root - INFO - Finding location of transformer model and target encoder
[ 2023-05-24 13:55:43,904 ] 52 root - INFO - Previous trained objects of transformer, model and target encoder
[ 2023-05-24 13:55:43,913 ] 59 root - INFO - Currently trained model objects
[ 2023-05-24 13:55:43,944 ] 77 root - INFO - Accuracy using previous trained model: 0.8143712574850299
[ 2023-05-24 13:55:46,460 ] 57 root - INFO - train score:0.7372764786795047 and tests score 0.7457627118644068
[ 2023-05-24 13:55:46,460 ] 59 root - INFO - Checking if our model is underfitting or not
[ 2023-05-24 13:55:46,460 ] 64 root - INFO - Checking if our model is overfiiting or not
[ 2023-05-24 13:55:46,460 ] 72 root - INFO - Saving mode object
[ 2023-05-24 13:55:46,460 ] 54 root - INFO - Entered the save_object method of utils
[ 2023-05-24 13:55:46,474 ] 58 root - INFO - Exited the save_object method of utils
[ 2023-05-24 13:55:46,474 ] 76 root - INFO - Prepare the artifact
[ 2023-05-24 13:55:46,474 ] 80 root - INFO - Model trainer artifact: ModelTrainerArtifact(model_path='C:\\Users\\MGC\\PycharmProjects\\loanprediction\\artifact\\05242023__135543\\model_trainer\\model\\model.pkl', f1_train_score=0.7372764786795047, f1_test_score=0.7457627118644068)
[ 2023-05-24 13:55:46,474 ] 20 root - INFO - >>>>>>>>>>>>>>>>>>>>>>>>>>>>>>>>>>>>>>>>  Model Evaluation <<<<<<<<<<<<<<<<<<<<<<<<<<<<<<<<<<<<<<<<
[ 2023-05-24 13:55:46,474 ] 36 root - INFO - if saved model folder has model the we will compare which model is best trained or the model from saved model folder
[ 2023-05-24 13:55:46,474 ] 47 root - INFO - Finding location of transformer model and target encoder
[ 2023-05-24 13:55:46,474 ] 52 root - INFO - Previous trained objects of transformer, model and target encoder
[ 2023-05-24 13:55:46,474 ] 59 root - INFO - Currently trained model objects
[ 2023-05-24 13:55:46,506 ] 77 root - INFO - Accuracy using previous trained model: 0.8143712574850299
