[ 2023-05-24 14:05:47,510 ] 17 root - INFO - >>>>>>>>>>>>>>>>>>>>>>>>>>>>>>>>>>>>>>>> Data Ingestion <<<<<<<<<<<<<<<<<<<<<<<<<<<<<<<<<<<<<<<<
[ 2023-05-24 14:05:47,510 ] 24 root - INFO - Exporting collection data as pandas dataframe
[ 2023-05-24 14:05:47,510 ] 20 root - INFO - Reading data 
[ 2023-05-24 14:05:47,542 ] 22 root - INFO - Found columns: Index(['Loan_ID', 'Gender', 'Married', 'Dependents', 'Education',
       'Self_Employed', 'ApplicantIncome', 'CoapplicantIncome', 'LoanAmount',
       'Loan_Amount_Term', 'Credit_History', 'Property_Area', 'Loan_Status'],
      dtype='object')
[ 2023-05-24 14:05:47,557 ] 26 root - INFO - Row and columns in df: (614, 13)
[ 2023-05-24 14:05:47,557 ] 28 root - INFO - Save data in feature store
[ 2023-05-24 14:05:47,588 ] 40 root - INFO - Create feature store folder if not available
[ 2023-05-24 14:05:47,620 ] 44 root - INFO - Save df to feature store folder
[ 2023-05-24 14:05:47,651 ] 48 root - INFO - split dataset into train and test set
[ 2023-05-24 14:05:47,667 ] 52 root - INFO - create dataset directory folder if not available
[ 2023-05-24 14:05:47,667 ] 57 root - INFO - Save df to feature store folder
[ 2023-05-24 14:05:47,667 ] 69 root - INFO - Data ingestion artifact: DataIngestionArtifact(feature_store_file_path='C:\\Users\\MGC\\PycharmProjects\\loanprediction\\artifact\\05242023__140547\\data_ingestion\\feature_store\\LoanApprovalPrediction.csv', train_file_path='C:\\Users\\MGC\\PycharmProjects\\loanprediction\\artifact\\05242023__140547\\data_ingestion\\dataset\\train.csv', test_file_path='C:\\Users\\MGC\\PycharmProjects\\loanprediction\\artifact\\05242023__140547\\data_ingestion\\dataset\\test.csv')
[ 2023-05-24 14:05:47,667 ] 25 root - INFO - >>>>>>>>>>>>>>>>>>>>>>>>>>>>>>>>>>>>>>>> Data Transformation <<<<<<<<<<<<<<<<<<<<<<<<<<<<<<<<<<<<<<<<
[ 2023-05-24 14:05:47,713 ] 76 root - INFO - Before resampling in training set Input: (491, 12) Target:(491,)
[ 2023-05-24 14:05:47,745 ] 78 root - INFO - After resampling in training set Input: (656, 12) Target:(656,)
[ 2023-05-24 14:05:47,745 ] 80 root - INFO - Before resampling in testing set Input: (123, 12) Target:(123,)
[ 2023-05-24 14:05:47,745 ] 82 root - INFO - After resampling in testing set Input: (154, 12) Target:(154,)
[ 2023-05-24 14:05:47,760 ] 54 root - INFO - Entered the save_object method of utils
[ 2023-05-24 14:05:47,760 ] 58 root - INFO - Exited the save_object method of utils
[ 2023-05-24 14:05:47,760 ] 54 root - INFO - Entered the save_object method of utils
[ 2023-05-24 14:05:47,760 ] 58 root - INFO - Exited the save_object method of utils
[ 2023-05-24 14:05:47,760 ] 113 root - INFO - Data transformation object DataTransformationArtifact(transform_object_path='C:\\Users\\MGC\\PycharmProjects\\loanprediction\\artifact\\05242023__140547\\data_transformation\\transformer\\transformer.pkl', transformed_train_path='C:\\Users\\MGC\\PycharmProjects\\loanprediction\\artifact\\05242023__140547\\data_transformation\\transformed\\train.npz', transformed_test_path='C:\\Users\\MGC\\PycharmProjects\\loanprediction\\artifact\\05242023__140547\\data_transformation\\transformed\\test.npz', target_encoder_path='C:\\Users\\MGC\\PycharmProjects\\loanprediction\\artifact\\05242023__140547\\data_transformation\\target_encoder\\target_encoder.pkl')
[ 2023-05-24 14:05:47,776 ] 18 root - INFO - >>>>>>>>>>>>>>>>>>>>>>>>>>>>>>>>>>>>>>>> Model Trainer <<<<<<<<<<<<<<<<<<<<<<<<<<<<<<<<<<<<<<<<
[ 2023-05-24 14:05:47,776 ] 35 root - INFO - Loading train and test array.
[ 2023-05-24 14:05:47,776 ] 39 root - INFO - Splitting input and target feature from both train and test arr.
[ 2023-05-24 14:05:47,776 ] 43 root - INFO - Train the model
[ 2023-05-24 14:05:47,823 ] 46 root - INFO - Calculating f1 train score
[ 2023-05-24 14:05:47,823 ] 50 root - INFO - Calculating f1 test score
[ 2023-05-24 14:05:48,807 ] 57 root - INFO - train score:0.7372764786795047 and tests score 0.7457627118644068
[ 2023-05-24 14:05:48,807 ] 59 root - INFO - Checking if our model is underfitting or not
[ 2023-05-24 14:05:48,807 ] 64 root - INFO - Checking if our model is overfiiting or not
[ 2023-05-24 14:05:48,807 ] 72 root - INFO - Saving mode object
[ 2023-05-24 14:05:48,807 ] 54 root - INFO - Entered the save_object method of utils
[ 2023-05-24 14:05:48,823 ] 58 root - INFO - Exited the save_object method of utils
[ 2023-05-24 14:05:48,823 ] 76 root - INFO - Prepare the artifact
[ 2023-05-24 14:05:48,823 ] 80 root - INFO - Model trainer artifact: ModelTrainerArtifact(model_path='C:\\Users\\MGC\\PycharmProjects\\loanprediction\\artifact\\05242023__140547\\model_trainer\\model\\model.pkl', f1_train_score=0.7372764786795047, f1_test_score=0.7457627118644068)
[ 2023-05-24 14:05:48,823 ] 21 root - INFO - >>>>>>>>>>>>>>>>>>>>>>>>>>>>>>>>>>>>>>>>  Model Evaluation <<<<<<<<<<<<<<<<<<<<<<<<<<<<<<<<<<<<<<<<
[ 2023-05-24 14:05:48,823 ] 37 root - INFO - if saved model folder has model the we will compare which model is best trained or the model from saved model folder
[ 2023-05-24 14:05:48,823 ] 48 root - INFO - Finding location of transformer model and target encoder
[ 2023-05-24 14:05:48,823 ] 53 root - INFO - Previous trained objects of transformer, model and target encoder
[ 2023-05-24 14:05:48,823 ] 60 root - INFO - Currently trained model objects
[ 2023-05-24 14:05:48,838 ] 79 root - INFO - Accuracy using previous trained model: 0.8143712574850299
[ 2023-05-24 14:05:48,838 ] 88 root - INFO - Accuracy using current trained model: 0.8143712574850299
[ 2023-05-24 14:05:48,838 ] 90 root - INFO - Current trained model is not better than previous model
[ 2023-05-24 14:06:09,308 ] 17 root - INFO - >>>>>>>>>>>>>>>>>>>>>>>>>>>>>>>>>>>>>>>> Data Ingestion <<<<<<<<<<<<<<<<<<<<<<<<<<<<<<<<<<<<<<<<
[ 2023-05-24 14:06:09,309 ] 24 root - INFO - Exporting collection data as pandas dataframe
[ 2023-05-24 14:06:09,310 ] 20 root - INFO - Reading data 
[ 2023-05-24 14:06:09,610 ] 22 root - INFO - Found columns: Index(['Loan_ID', 'Gender', 'Married', 'Dependents', 'Education',
       'Self_Employed', 'ApplicantIncome', 'CoapplicantIncome', 'LoanAmount',
       'Loan_Amount_Term', 'Credit_History', 'Property_Area', 'Loan_Status'],
      dtype='object')
[ 2023-05-24 14:06:09,612 ] 26 root - INFO - Row and columns in df: (614, 13)
[ 2023-05-24 14:06:09,613 ] 28 root - INFO - Save data in feature store
[ 2023-05-24 14:06:09,669 ] 40 root - INFO - Create feature store folder if not available
[ 2023-05-24 14:06:09,672 ] 44 root - INFO - Save df to feature store folder
[ 2023-05-24 14:06:09,709 ] 48 root - INFO - split dataset into train and test set
[ 2023-05-24 14:06:09,739 ] 52 root - INFO - create dataset directory folder if not available
[ 2023-05-24 14:06:09,742 ] 57 root - INFO - Save df to feature store folder
[ 2023-05-24 14:06:09,779 ] 69 root - INFO - Data ingestion artifact: DataIngestionArtifact(feature_store_file_path='C:\\Users\\MGC\\PycharmProjects\\loanprediction\\artifact\\05242023__140609\\data_ingestion\\feature_store\\LoanApprovalPrediction.csv', train_file_path='C:\\Users\\MGC\\PycharmProjects\\loanprediction\\artifact\\05242023__140609\\data_ingestion\\dataset\\train.csv', test_file_path='C:\\Users\\MGC\\PycharmProjects\\loanprediction\\artifact\\05242023__140609\\data_ingestion\\dataset\\test.csv')
[ 2023-05-24 14:06:09,781 ] 25 root - INFO - >>>>>>>>>>>>>>>>>>>>>>>>>>>>>>>>>>>>>>>> Data Transformation <<<<<<<<<<<<<<<<<<<<<<<<<<<<<<<<<<<<<<<<
[ 2023-05-24 14:06:10,177 ] 76 root - INFO - Before resampling in training set Input: (491, 12) Target:(491,)
[ 2023-05-24 14:06:10,766 ] 78 root - INFO - After resampling in training set Input: (656, 12) Target:(656,)
[ 2023-05-24 14:06:10,767 ] 80 root - INFO - Before resampling in testing set Input: (123, 12) Target:(123,)
[ 2023-05-24 14:06:10,782 ] 82 root - INFO - After resampling in testing set Input: (154, 12) Target:(154,)
[ 2023-05-24 14:06:11,082 ] 54 root - INFO - Entered the save_object method of utils
[ 2023-05-24 14:06:11,504 ] 58 root - INFO - Exited the save_object method of utils
[ 2023-05-24 14:06:11,505 ] 54 root - INFO - Entered the save_object method of utils
[ 2023-05-24 14:06:11,618 ] 58 root - INFO - Exited the save_object method of utils
[ 2023-05-24 14:06:11,618 ] 113 root - INFO - Data transformation object DataTransformationArtifact(transform_object_path='C:\\Users\\MGC\\PycharmProjects\\loanprediction\\artifact\\05242023__140609\\data_transformation\\transformer\\transformer.pkl', transformed_train_path='C:\\Users\\MGC\\PycharmProjects\\loanprediction\\artifact\\05242023__140609\\data_transformation\\transformed\\train.npz', transformed_test_path='C:\\Users\\MGC\\PycharmProjects\\loanprediction\\artifact\\05242023__140609\\data_transformation\\transformed\\test.npz', target_encoder_path='C:\\Users\\MGC\\PycharmProjects\\loanprediction\\artifact\\05242023__140609\\data_transformation\\target_encoder\\target_encoder.pkl')
[ 2023-05-24 14:06:11,618 ] 18 root - INFO - >>>>>>>>>>>>>>>>>>>>>>>>>>>>>>>>>>>>>>>> Model Trainer <<<<<<<<<<<<<<<<<<<<<<<<<<<<<<<<<<<<<<<<
[ 2023-05-24 14:06:11,618 ] 35 root - INFO - Loading train and test array.
[ 2023-05-24 14:06:11,622 ] 39 root - INFO - Splitting input and target feature from both train and test arr.
[ 2023-05-24 14:06:11,622 ] 43 root - INFO - Train the model
[ 2023-05-24 14:06:12,942 ] 46 root - INFO - Calculating f1 train score
[ 2023-05-24 14:06:13,081 ] 50 root - INFO - Calculating f1 test score
[ 2023-05-24 14:06:13,535 ] 57 root - INFO - train score:0.7372764786795047 and tests score 0.7457627118644068
[ 2023-05-24 14:06:13,536 ] 59 root - INFO - Checking if our model is underfitting or not
[ 2023-05-24 14:06:13,536 ] 64 root - INFO - Checking if our model is overfiiting or not
[ 2023-05-24 14:06:13,536 ] 72 root - INFO - Saving mode object
[ 2023-05-24 14:06:13,536 ] 54 root - INFO - Entered the save_object method of utils
[ 2023-05-24 14:06:13,604 ] 58 root - INFO - Exited the save_object method of utils
[ 2023-05-24 14:06:13,604 ] 76 root - INFO - Prepare the artifact
[ 2023-05-24 14:06:13,604 ] 80 root - INFO - Model trainer artifact: ModelTrainerArtifact(model_path='C:\\Users\\MGC\\PycharmProjects\\loanprediction\\artifact\\05242023__140609\\model_trainer\\model\\model.pkl', f1_train_score=0.7372764786795047, f1_test_score=0.7457627118644068)
[ 2023-05-24 14:06:13,604 ] 21 root - INFO - >>>>>>>>>>>>>>>>>>>>>>>>>>>>>>>>>>>>>>>>  Model Evaluation <<<<<<<<<<<<<<<<<<<<<<<<<<<<<<<<<<<<<<<<
[ 2023-05-24 14:06:13,604 ] 37 root - INFO - if saved model folder has model the we will compare which model is best trained or the model from saved model folder
[ 2023-05-24 14:06:13,604 ] 48 root - INFO - Finding location of transformer model and target encoder
[ 2023-05-24 14:06:13,604 ] 53 root - INFO - Previous trained objects of transformer, model and target encoder
[ 2023-05-24 14:06:13,627 ] 60 root - INFO - Currently trained model objects
[ 2023-05-24 14:06:13,700 ] 79 root - INFO - Accuracy using previous trained model: 0.8143712574850299
[ 2023-05-24 14:06:13,718 ] 88 root - INFO - Accuracy using current trained model: 0.8143712574850299
[ 2023-05-24 14:06:13,719 ] 90 root - INFO - Current trained model is not better than previous model
