[ 2023-05-24 14:00:00,483 ] 17 root - INFO - >>>>>>>>>>>>>>>>>>>>>>>>>>>>>>>>>>>>>>>> Data Ingestion <<<<<<<<<<<<<<<<<<<<<<<<<<<<<<<<<<<<<<<<
[ 2023-05-24 14:00:00,483 ] 24 root - INFO - Exporting collection data as pandas dataframe
[ 2023-05-24 14:00:00,483 ] 20 root - INFO - Reading data 
[ 2023-05-24 14:00:00,517 ] 22 root - INFO - Found columns: Index(['Loan_ID', 'Gender', 'Married', 'Dependents', 'Education',
       'Self_Employed', 'ApplicantIncome', 'CoapplicantIncome', 'LoanAmount',
       'Loan_Amount_Term', 'Credit_History', 'Property_Area', 'Loan_Status'],
      dtype='object')
[ 2023-05-24 14:00:00,520 ] 26 root - INFO - Row and columns in df: (614, 13)
[ 2023-05-24 14:00:00,520 ] 28 root - INFO - Save data in feature store
[ 2023-05-24 14:00:00,536 ] 40 root - INFO - Create feature store folder if not available
[ 2023-05-24 14:00:00,536 ] 44 root - INFO - Save df to feature store folder
[ 2023-05-24 14:00:00,551 ] 48 root - INFO - split dataset into train and test set
[ 2023-05-24 14:00:00,567 ] 52 root - INFO - create dataset directory folder if not available
[ 2023-05-24 14:00:00,567 ] 57 root - INFO - Save df to feature store folder
[ 2023-05-24 14:00:00,584 ] 69 root - INFO - Data ingestion artifact: DataIngestionArtifact(feature_store_file_path='C:\\Users\\MGC\\PycharmProjects\\loanprediction\\artifact\\05242023__140000\\data_ingestion\\feature_store\\LoanApprovalPrediction.csv', train_file_path='C:\\Users\\MGC\\PycharmProjects\\loanprediction\\artifact\\05242023__140000\\data_ingestion\\dataset\\train.csv', test_file_path='C:\\Users\\MGC\\PycharmProjects\\loanprediction\\artifact\\05242023__140000\\data_ingestion\\dataset\\test.csv')
[ 2023-05-24 14:00:00,584 ] 25 root - INFO - >>>>>>>>>>>>>>>>>>>>>>>>>>>>>>>>>>>>>>>> Data Transformation <<<<<<<<<<<<<<<<<<<<<<<<<<<<<<<<<<<<<<<<
[ 2023-05-24 14:00:00,630 ] 76 root - INFO - Before resampling in training set Input: (491, 12) Target:(491,)
[ 2023-05-24 14:00:00,678 ] 78 root - INFO - After resampling in training set Input: (656, 12) Target:(656,)
[ 2023-05-24 14:00:00,678 ] 80 root - INFO - Before resampling in testing set Input: (123, 12) Target:(123,)
[ 2023-05-24 14:00:00,693 ] 82 root - INFO - After resampling in testing set Input: (154, 12) Target:(154,)
[ 2023-05-24 14:00:00,693 ] 54 root - INFO - Entered the save_object method of utils
[ 2023-05-24 14:00:00,712 ] 58 root - INFO - Exited the save_object method of utils
[ 2023-05-24 14:00:00,712 ] 54 root - INFO - Entered the save_object method of utils
[ 2023-05-24 14:00:00,712 ] 58 root - INFO - Exited the save_object method of utils
[ 2023-05-24 14:00:00,712 ] 113 root - INFO - Data transformation object DataTransformationArtifact(transform_object_path='C:\\Users\\MGC\\PycharmProjects\\loanprediction\\artifact\\05242023__140000\\data_transformation\\transformer\\transformer.pkl', transformed_train_path='C:\\Users\\MGC\\PycharmProjects\\loanprediction\\artifact\\05242023__140000\\data_transformation\\transformed\\train.npz', transformed_test_path='C:\\Users\\MGC\\PycharmProjects\\loanprediction\\artifact\\05242023__140000\\data_transformation\\transformed\\test.npz', target_encoder_path='C:\\Users\\MGC\\PycharmProjects\\loanprediction\\artifact\\05242023__140000\\data_transformation\\target_encoder\\target_encoder.pkl')
[ 2023-05-24 14:00:00,712 ] 18 root - INFO - >>>>>>>>>>>>>>>>>>>>>>>>>>>>>>>>>>>>>>>> Model Trainer <<<<<<<<<<<<<<<<<<<<<<<<<<<<<<<<<<<<<<<<
[ 2023-05-24 14:00:00,712 ] 35 root - INFO - Loading train and test array.
[ 2023-05-24 14:00:00,725 ] 39 root - INFO - Splitting input and target feature from both train and test arr.
[ 2023-05-24 14:00:00,725 ] 43 root - INFO - Train the model
[ 2023-05-24 14:00:00,772 ] 46 root - INFO - Calculating f1 train score
[ 2023-05-24 14:00:00,788 ] 50 root - INFO - Calculating f1 test score
[ 2023-05-24 14:00:46,652 ] 17 root - INFO - >>>>>>>>>>>>>>>>>>>>>>>>>>>>>>>>>>>>>>>> Data Ingestion <<<<<<<<<<<<<<<<<<<<<<<<<<<<<<<<<<<<<<<<
[ 2023-05-24 14:00:46,680 ] 24 root - INFO - Exporting collection data as pandas dataframe
[ 2023-05-24 14:00:46,680 ] 20 root - INFO - Reading data 
[ 2023-05-24 14:00:46,885 ] 22 root - INFO - Found columns: Index(['Loan_ID', 'Gender', 'Married', 'Dependents', 'Education',
       'Self_Employed', 'ApplicantIncome', 'CoapplicantIncome', 'LoanAmount',
       'Loan_Amount_Term', 'Credit_History', 'Property_Area', 'Loan_Status'],
      dtype='object')
[ 2023-05-24 14:00:46,886 ] 26 root - INFO - Row and columns in df: (614, 13)
[ 2023-05-24 14:00:46,886 ] 28 root - INFO - Save data in feature store
[ 2023-05-24 14:00:46,921 ] 40 root - INFO - Create feature store folder if not available
[ 2023-05-24 14:00:46,922 ] 44 root - INFO - Save df to feature store folder
[ 2023-05-24 14:00:46,949 ] 48 root - INFO - split dataset into train and test set
[ 2023-05-24 14:00:46,962 ] 52 root - INFO - create dataset directory folder if not available
[ 2023-05-24 14:00:46,962 ] 57 root - INFO - Save df to feature store folder
[ 2023-05-24 14:00:46,975 ] 69 root - INFO - Data ingestion artifact: DataIngestionArtifact(feature_store_file_path='C:\\Users\\MGC\\PycharmProjects\\loanprediction\\artifact\\05242023__140046\\data_ingestion\\feature_store\\LoanApprovalPrediction.csv', train_file_path='C:\\Users\\MGC\\PycharmProjects\\loanprediction\\artifact\\05242023__140046\\data_ingestion\\dataset\\train.csv', test_file_path='C:\\Users\\MGC\\PycharmProjects\\loanprediction\\artifact\\05242023__140046\\data_ingestion\\dataset\\test.csv')
[ 2023-05-24 14:00:46,977 ] 25 root - INFO - >>>>>>>>>>>>>>>>>>>>>>>>>>>>>>>>>>>>>>>> Data Transformation <<<<<<<<<<<<<<<<<<<<<<<<<<<<<<<<<<<<<<<<
[ 2023-05-24 14:00:47,056 ] 76 root - INFO - Before resampling in training set Input: (491, 12) Target:(491,)
[ 2023-05-24 14:00:47,112 ] 78 root - INFO - After resampling in training set Input: (656, 12) Target:(656,)
[ 2023-05-24 14:00:47,112 ] 80 root - INFO - Before resampling in testing set Input: (123, 12) Target:(123,)
[ 2023-05-24 14:00:47,138 ] 82 root - INFO - After resampling in testing set Input: (154, 12) Target:(154,)
[ 2023-05-24 14:00:47,148 ] 54 root - INFO - Entered the save_object method of utils
[ 2023-05-24 14:00:47,158 ] 58 root - INFO - Exited the save_object method of utils
[ 2023-05-24 14:00:47,158 ] 54 root - INFO - Entered the save_object method of utils
[ 2023-05-24 14:00:47,163 ] 58 root - INFO - Exited the save_object method of utils
[ 2023-05-24 14:00:47,163 ] 113 root - INFO - Data transformation object DataTransformationArtifact(transform_object_path='C:\\Users\\MGC\\PycharmProjects\\loanprediction\\artifact\\05242023__140046\\data_transformation\\transformer\\transformer.pkl', transformed_train_path='C:\\Users\\MGC\\PycharmProjects\\loanprediction\\artifact\\05242023__140046\\data_transformation\\transformed\\train.npz', transformed_test_path='C:\\Users\\MGC\\PycharmProjects\\loanprediction\\artifact\\05242023__140046\\data_transformation\\transformed\\test.npz', target_encoder_path='C:\\Users\\MGC\\PycharmProjects\\loanprediction\\artifact\\05242023__140046\\data_transformation\\target_encoder\\target_encoder.pkl')
[ 2023-05-24 14:00:47,163 ] 18 root - INFO - >>>>>>>>>>>>>>>>>>>>>>>>>>>>>>>>>>>>>>>> Model Trainer <<<<<<<<<<<<<<<<<<<<<<<<<<<<<<<<<<<<<<<<
[ 2023-05-24 14:00:47,166 ] 35 root - INFO - Loading train and test array.
[ 2023-05-24 14:00:47,173 ] 39 root - INFO - Splitting input and target feature from both train and test arr.
[ 2023-05-24 14:00:47,173 ] 43 root - INFO - Train the model
[ 2023-05-24 14:00:47,215 ] 46 root - INFO - Calculating f1 train score
[ 2023-05-24 14:00:47,231 ] 50 root - INFO - Calculating f1 test score
[ 2023-05-24 14:00:47,301 ] 57 root - INFO - train score:0.7372764786795047 and tests score 0.7457627118644068
[ 2023-05-24 14:00:47,301 ] 59 root - INFO - Checking if our model is underfitting or not
[ 2023-05-24 14:00:47,301 ] 64 root - INFO - Checking if our model is overfiiting or not
[ 2023-05-24 14:00:47,301 ] 72 root - INFO - Saving mode object
[ 2023-05-24 14:00:47,301 ] 54 root - INFO - Entered the save_object method of utils
[ 2023-05-24 14:00:47,313 ] 58 root - INFO - Exited the save_object method of utils
[ 2023-05-24 14:00:47,318 ] 76 root - INFO - Prepare the artifact
[ 2023-05-24 14:00:47,318 ] 80 root - INFO - Model trainer artifact: ModelTrainerArtifact(model_path='C:\\Users\\MGC\\PycharmProjects\\loanprediction\\artifact\\05242023__140046\\model_trainer\\model\\model.pkl', f1_train_score=0.7372764786795047, f1_test_score=0.7457627118644068)
[ 2023-05-24 14:00:47,318 ] 21 root - INFO - >>>>>>>>>>>>>>>>>>>>>>>>>>>>>>>>>>>>>>>>  Model Evaluation <<<<<<<<<<<<<<<<<<<<<<<<<<<<<<<<<<<<<<<<
[ 2023-05-24 14:00:47,318 ] 37 root - INFO - if saved model folder has model the we will compare which model is best trained or the model from saved model folder
[ 2023-05-24 14:00:47,318 ] 48 root - INFO - Finding location of transformer model and target encoder
[ 2023-05-24 14:00:47,320 ] 53 root - INFO - Previous trained objects of transformer, model and target encoder
[ 2023-05-24 14:00:47,322 ] 60 root - INFO - Currently trained model objects
[ 2023-05-24 14:00:47,345 ] 79 root - INFO - Accuracy using previous trained model: 0.8143712574850299
[ 2023-05-24 14:00:47,380 ] 89 root - INFO - Accuracy using current trained model: 0.8143712574850299
[ 2023-05-24 14:00:47,380 ] 91 root - INFO - Current trained model is not better than previous model
